#
# A fatal error has been detected by the Java Runtime Environment:
#
#  EXCEPTION_ACCESS_VIOLATION (0xc0000005) at pc=0x00007ffa29bd617b, pid=592, tid=4988
#
# JRE version: 6.0_45-b06
# Java VM: Java HotSpot(TM) 64-Bit Server VM (20.45-b01 mixed mode windows-amd64 compressed oops)
# Problematic frame:
# C  [ig9icd64.dll+0x5e617b]
#
# If you would like to submit a bug report, please visit:
#   http://java.sun.com/webapps/bugreport/crash.jsp
# The crash happened outside the Java Virtual Machine in native code.
# See problematic frame for where to report the bug.
#

---------------  T H R E A D  ---------------

Current thread (0x0000000009155000):  JavaThread "AWT-EventQueue-1" [_thread_in_native, id=4988, stack(0x000000000a510000,0x000000000a610000)]

siginfo: ExceptionCode=0xc0000005, reading address 0x00000000134ac000

Registers:
RAX=0x0000000000a8c200, RBX=0x0000000000000000, RCX=0x000000000000003f, RDX=0x0000000000000000
RSP=0x000000000a60dc20, RBP=0x000000000a60dd20, RSI=0x000000000a60de20, RDI=0x00000000fffffe0e
R8 =0x00000000134ac000, R9 =0x000000001767b020, R10=0x0000000017679400, R11=0x00000000fffffe0f
R12=0x000000000000003f, R13=0x000000000000003f, R14=0x0000000017679410, R15=0x0000000012a20000
RIP=0x00007ffa29bd617b, EFLAGS=0x0000000000010206

Top of Stack: (sp=0x000000000a60dc20)
0x000000000a60dc20:   0000000000000000 00007ffa0000000c
0x000000000a60dc30:   001010000000003c 0000000000000000
0x000000000a60dc40:   0000000000000000 000000000266db40
0x000000000a60dc50:   0000064000a8c000 00001c20000005a0
0x000000000a60dc60:   0000000400000010 0000000000000000
0x000000000a60dc70:   000000000a60de20 0000000000000030
0x000000000a60dc80:   0000000000001c20 000000000a60ddb0
0x000000000a60dc90:   0000000000000004 0000000016c96000
0x000000000a60dca0:   0000003f00000000 000000000003c000
0x000000000a60dcb0:   00100800000806e9 bfebfbff29bdb91d
0x000000000a60dcc0:   0000000000000000 0000000012a20000
0x000000000a60dcd0:   fffffe0f00000001 00000000fffffe0e
0x000000000a60dce0:   00000000fffffe0c 000000000a60de70
0x000000000a60dcf0:   00000000fffffe08 00007ffa29bdbc2f
0x000000000a60dd00:   000000000f4bea68 0000000000000000
0x000000000a60dd10:   00007ffafffffe00 00007ffa2a298d6c 

Instructions: (pc=0x00007ffa29bd617b)
0x00007ffa29bd615b:   f0 4d 03 c7 49 83 c6 10 49 8b d8 49 8b d0 48 d3
0x00007ffa29bd616b:   eb 41 8b cd 48 d3 ea 48 33 da 83 e3 40 4c 33 c3
0x00007ffa29bd617b:   66 41 0f 38 2a 00 66 41 0f 38 2a 48 10 66 41 0f
0x00007ffa29bd618b:   38 2a 50 20 66 41 0f 38 2a 58 30 f3 41 0f 7f 46 


Register to memory mapping:

RAX=0x0000000000a8c200 is an unknown value
RBX=0x0000000000000000 is an unknown value
RCX=0x000000000000003f is an unknown value
RDX=0x0000000000000000 is an unknown value
RSP=0x000000000a60dc20 is pointing into the stack for thread: 0x0000000009155000
RBP=0x000000000a60dd20 is pointing into the stack for thread: 0x0000000009155000
RSI=0x000000000a60de20 is pointing into the stack for thread: 0x0000000009155000
RDI=0x00000000fffffe0e is an unallocated location in the heap
R8 =0x00000000134ac000 is an unknown value
R9 =0x000000001767b020 is an unknown value
R10=0x0000000017679400 is an unknown value
R11=0x00000000fffffe0f is an unallocated location in the heap
R12=0x000000000000003f is an unknown value
R13=0x000000000000003f is an unknown value
R14=0x0000000017679410 is an unknown value
R15=0x0000000012a20000 is an unknown value


Stack: [0x000000000a510000,0x000000000a610000],  sp=0x000000000a60dc20,  free space=1015k
Native frames: (J=compiled Java code, j=interpreted, Vv=VM code, C=native code)
C  [ig9icd64.dll+0x5e617b]  DrvValidateVersion+0x693db

Java frames: (J=compiled Java code, j=interpreted, Vv=VM code)
j  jogamp.opengl.gl4.GL4bcImpl.dispatch_glReadPixels1(IIIIIILjava/lang/Object;IZJ)V+0
j  jogamp.opengl.gl4.GL4bcImpl.glReadPixels(IIIIIILjava/nio/Buffer;)V+123
j  processing.opengl.PJOGL.readPixelsImpl(IIIIIILjava/nio/Buffer;)V+15
j  processing.opengl.PGraphicsOpenGL.readPixels()V+29
j  processing.opengl.PGraphicsOpenGL.saveSurfaceToPixels()V+5
j  processing.opengl.PGraphicsOpenGL.endDraw()V+46
j  processing.core.PApplet.handleDraw()V+270
j  processing.opengl.PJOGL$PGLListener.display(Ljavax/media/opengl/GLAutoDrawable;)V+476
j  jogamp.opengl.GLDrawableHelper.displayImpl(Ljavax/media/opengl/GLAutoDrawable;)V+81
j  jogamp.opengl.GLDrawableHelper.display(Ljavax/media/opengl/GLAutoDrawable;)V+2
j  javax.media.opengl.awt.GLCanvas$10.run()V+118
j  jogamp.opengl.GLDrawableHelper.invokeGLImpl(Ljavax/media/opengl/GLDrawable;Ljavax/media/opengl/GLContext;Ljava/lang/Runnable;Ljava/lang/Runnable;)V+206
j  jogamp.opengl.GLDrawableHelper.invokeGL(Ljavax/media/opengl/GLDrawable;Ljavax/media/opengl/GLContext;Ljava/lang/Runnable;Ljava/lang/Runnable;)V+80
j  javax.media.opengl.awt.GLCanvas$11.run()V+73
j  java.awt.event.InvocationEvent.dispatch()V+11
j  java.awt.EventQueue.dispatchEventImpl(Ljava/awt/AWTEvent;Ljava/lang/Object;)V+21
j  java.awt.EventQueue.access$400(Ljava/awt/EventQueue;Ljava/awt/AWTEvent;Ljava/lang/Object;)V+3
j  java.awt.EventQueue$2.run()Ljava/lang/Void;+12
j  java.awt.EventQueue$2.run()Ljava/lang/Object;+1
v  ~StubRoutines::call_stub
j  java.security.AccessController.doPrivileged(Ljava/security/PrivilegedAction;Ljava/security/AccessControlContext;)Ljava/lang/Object;+0
j  java.security.AccessControlContext$1.doIntersectionPrivilege(Ljava/security/PrivilegedAction;Ljava/security/AccessControlContext;Ljava/security/AccessControlContext;)Ljava/lang/Object;+28
j  java.awt.EventQueue.dispatchEvent(Ljava/awt/AWTEvent;)V+46
j  java.awt.EventDispatchThread.pumpOneEventForFilters(I)Z+204
j  java.awt.EventDispatchThread.pumpEventsForFilter(ILjava/awt/Conditional;Ljava/awt/EventFilter;)V+30
j  java.awt.EventDispatchThread.pumpEventsForHierarchy(ILjava/awt/Conditional;Ljava/awt/Component;)V+11
j  java.awt.EventDispatchThread.pumpEvents(ILjava/awt/Conditional;)V+4
j  java.awt.EventDispatchThread.pumpEvents(Ljava/awt/Conditional;)V+3
j  java.awt.EventDispatchThread.run()V+9
v  ~StubRoutines::call_stub

---------------  P R O C E S S  ---------------

Java Threads: ( => current thread )
  0x000000000a73a800 JavaThread "Animation Thread-SharedResourceRunner" daemon [_thread_blocked, id=8340, stack(0x000000000b010000,0x000000000b110000)]
  0x00000000091c3000 JavaThread "Animation Thread" [_thread_blocked, id=2072, stack(0x000000000a610000,0x000000000a710000)]
=>0x0000000009155000 JavaThread "AWT-EventQueue-1" [_thread_in_native, id=4988, stack(0x000000000a510000,0x000000000a610000)]
  0x0000000002a6c000 JavaThread "DestroyJavaVM" [_thread_blocked, id=9164, stack(0x0000000004550000,0x0000000004650000)]
  0x00000000091a2800 JavaThread "AWT-EventQueue-0" [_thread_blocked, id=9632, stack(0x0000000009b20000,0x0000000009c20000)]
  0x0000000008cb6000 JavaThread "thread applet-principal.SimplePositionConversionMapApp.class" [_thread_blocked, id=6564, stack(0x0000000009a20000,0x0000000009b20000)]
  0x0000000008cc6800 JavaThread "AWT-Windows" daemon [_thread_in_native, id=8568, stack(0x0000000009820000,0x0000000009920000)]
  0x0000000008cc3800 JavaThread "AWT-Shutdown" [_thread_blocked, id=4356, stack(0x0000000009720000,0x0000000009820000)]
  0x0000000008cc2800 JavaThread "Java2D Disposer" daemon [_thread_blocked, id=9528, stack(0x0000000009520000,0x0000000009620000)]
  0x0000000008ae1000 JavaThread "Low Memory Detector" daemon [_thread_blocked, id=3376, stack(0x0000000008dd0000,0x0000000008ed0000)]
  0x0000000008add000 JavaThread "C2 CompilerThread1" daemon [_thread_blocked, id=7836, stack(0x0000000008cd0000,0x0000000008dd0000)]
  0x000000000474c000 JavaThread "C2 CompilerThread0" daemon [_thread_blocked, id=8384, stack(0x00000000089d0000,0x0000000008ad0000)]
  0x000000000474b000 JavaThread "Attach Listener" daemon [_thread_blocked, id=2324, stack(0x00000000088d0000,0x00000000089d0000)]
  0x0000000004747800 JavaThread "Signal Dispatcher" daemon [_thread_blocked, id=8480, stack(0x00000000087d0000,0x00000000088d0000)]
  0x0000000004710800 JavaThread "Finalizer" daemon [_thread_blocked, id=3004, stack(0x00000000086d0000,0x00000000087d0000)]
  0x000000000470d000 JavaThread "Reference Handler" daemon [_thread_blocked, id=8300, stack(0x00000000085d0000,0x00000000086d0000)]

Other Threads:
  0x0000000004706000 VMThread [stack: 0x00000000084d0000,0x00000000085d0000] [id=920]
  0x0000000008aef000 WatcherThread [stack: 0x0000000008ed0000,0x0000000008fd0000] [id=4848]

VM state:not at safepoint (normal execution)

VM Mutex/Monitor currently owned by a thread: None

Heap
 PSYoungGen      total 18560K, used 10719K [0x00000000eb4b0000, 0x00000000ed8f0000, 0x0000000100000000)
  eden space 15936K, 53% used [0x00000000eb4b0000,0x00000000ebd07818,0x00000000ec440000)
  from space 2624K, 82% used [0x00000000ec440000,0x00000000ec660778,0x00000000ec6d0000)
  to   space 2624K, 0% used [0x00000000ed660000,0x00000000ed660000,0x00000000ed8f0000)
 PSOldGen        total 42368K, used 11250K [0x00000000c1e00000, 0x00000000c4760000, 0x00000000eb4b0000)
  object space 42368K, 26% used [0x00000000c1e00000,0x00000000c28fc810,0x00000000c4760000)
 PSPermGen       total 21248K, used 19843K [0x00000000bcc00000, 0x00000000be0c0000, 0x00000000c1e00000)
  object space 21248K, 93% used [0x00000000bcc00000,0x00000000bdf60ea8,0x00000000be0c0000)

Code Cache  [0x0000000004750000, 0x00000000049c0000, 0x0000000007750000)
 total_blobs=869 nmethods=88 adapters=734 free_code_cache=49409344 largest_free_block=17792

Dynamic libraries:
0x0000000000400000 - 0x000000000042f000 	C:\Program Files\Java\jre6\bin\javaw.exe
0x00007ffa62ba0000 - 0x00007ffa62d80000 	C:\WINDOWS\SYSTEM32\ntdll.dll
0x00007ffa60360000 - 0x00007ffa6040e000 	C:\WINDOWS\System32\KERNEL32.DLL
0x00007ffa5efa0000 - 0x00007ffa5f206000 	C:\WINDOWS\System32\KERNELBASE.dll
0x00007ffa60520000 - 0x00007ffa605c1000 	C:\WINDOWS\System32\ADVAPI32.dll
0x00007ffa62a20000 - 0x00007ffa62abd000 	C:\WINDOWS\System32\msvcrt.dll
0x00007ffa602f0000 - 0x00007ffa6034b000 	C:\WINDOWS\System32\sechost.dll
0x00007ffa60be0000 - 0x00007ffa60cff000 	C:\WINDOWS\System32\RPCRT4.dll
0x00007ffa60a50000 - 0x00007ffa60bdf000 	C:\WINDOWS\System32\USER32.dll
0x00007ffa60050000 - 0x00007ffa60070000 	C:\WINDOWS\System32\win32u.dll
0x00007ffa60ee0000 - 0x00007ffa60f08000 	C:\WINDOWS\System32\GDI32.dll
0x00007ffa5fd60000 - 0x00007ffa5fef3000 	C:\WINDOWS\System32\gdi32full.dll
0x00007ffa5ff50000 - 0x00007ffa5ffeb000 	C:\WINDOWS\System32\msvcp_win.dll
0x00007ffa5f340000 - 0x00007ffa5f436000 	C:\WINDOWS\System32\ucrtbase.dll
0x00007ffa62b40000 - 0x00007ffa62b6d000 	C:\WINDOWS\System32\IMM32.DLL
0x00007ffa605d0000 - 0x00007ffa608d8000 	C:\WINDOWS\System32\combase.dll
0x00007ffa5f210000 - 0x00007ffa5f282000 	C:\WINDOWS\System32\bcryptPrimitives.dll
0x000000006d830000 - 0x000000006dfec000 	C:\Program Files\Java\jre6\bin\server\jvm.dll
0x00007ffa5b0f0000 - 0x00007ffa5b113000 	C:\WINDOWS\SYSTEM32\WINMM.dll
0x00007ffa5a7d0000 - 0x00007ffa5a7fa000 	C:\WINDOWS\SYSTEM32\WINMMBASE.dll
0x00007ffa5ff00000 - 0x00007ffa5ff4a000 	C:\WINDOWS\System32\cfgmgr32.dll
0x000000006d7a0000 - 0x000000006d7ae000 	C:\Program Files\Java\jre6\bin\verify.dll
0x000000006d3c0000 - 0x000000006d3e7000 	C:\Program Files\Java\jre6\bin\java.dll
0x000000006d7f0000 - 0x000000006d802000 	C:\Program Files\Java\jre6\bin\zip.dll
0x000000006d000000 - 0x000000006d1c4000 	C:\Program Files\Java\jre6\bin\awt.dll
0x00007ffa62480000 - 0x00007ffa625c9000 	C:\WINDOWS\System32\ole32.dll
0x00007ffa4fef0000 - 0x00007ffa4ff76000 	C:\WINDOWS\SYSTEM32\WINSPOOL.DRV
0x00007ffa61040000 - 0x00007ffa62476000 	C:\WINDOWS\System32\SHELL32.dll
0x00007ffa60f90000 - 0x00007ffa61036000 	C:\WINDOWS\System32\shcore.dll
0x00007ffa5e4b0000 - 0x00007ffa5e4e9000 	C:\WINDOWS\SYSTEM32\IPHLPAPI.DLL
0x00007ffa5f610000 - 0x00007ffa5fd57000 	C:\WINDOWS\System32\windows.storage.dll
0x00007ffa5e9f0000 - 0x00007ffa5ea15000 	C:\WINDOWS\SYSTEM32\bcrypt.dll
0x00007ffa609f0000 - 0x00007ffa60a41000 	C:\WINDOWS\System32\shlwapi.dll
0x00007ffa5eef0000 - 0x00007ffa5ef01000 	C:\WINDOWS\System32\kernel.appcore.dll
0x00007ffa5ef30000 - 0x00007ffa5ef7c000 	C:\WINDOWS\System32\powrprof.dll
0x00007ffa5ef80000 - 0x00007ffa5ef9b000 	C:\WINDOWS\System32\profapi.dll
0x00007ffa54290000 - 0x00007ffa544f9000 	C:\WINDOWS\WinSxS\amd64_microsoft.windows.common-controls_6595b64144ccf1df_6.0.16299.371_none_15c7d1789365a290\COMCTL32.dll
0x00007ffa5d170000 - 0x00007ffa5d1f8000 	C:\WINDOWS\SYSTEM32\apphelp.dll
0x00007ffa5d490000 - 0x00007ffa5d4ba000 	C:\WINDOWS\system32\DWMAPI.DLL
0x00007ffa5d3a0000 - 0x00007ffa5d435000 	C:\WINDOWS\system32\uxtheme.dll
0x000000006d2a0000 - 0x000000006d315000 	C:\Program Files\Java\jre6\bin\fontmanager.dll
0x00007ffa60d00000 - 0x00007ffa60e67000 	C:\WINDOWS\System32\MSCTF.dll
0x00007ffa60220000 - 0x00007ffa602e5000 	C:\WINDOWS\System32\OLEAUT32.dll
0x000000006d620000 - 0x000000006d637000 	C:\Program Files\Java\jre6\bin\net.dll
0x00007ffa60e70000 - 0x00007ffa60edc000 	C:\WINDOWS\System32\WS2_32.dll
0x00007ffa5e720000 - 0x00007ffa5e786000 	C:\WINDOWS\system32\mswsock.dll
0x000000006d640000 - 0x000000006d64c000 	C:\Program Files\Java\jre6\bin\nio.dll
0x00007ffa4e5d0000 - 0x00007ffa4e668000 	C:\WINDOWS\System32\TextInputFramework.dll
0x00007ffa5bfa0000 - 0x00007ffa5c07c000 	C:\WINDOWS\System32\CoreMessaging.dll
0x00007ffa4e2e0000 - 0x00007ffa4e5ce000 	C:\WINDOWS\System32\CoreUIComponents.dll
0x00007ffa5e0a0000 - 0x00007ffa5e0d1000 	C:\WINDOWS\SYSTEM32\ntmarta.dll
0x00007ffa5b7b0000 - 0x00007ffa5b8e6000 	C:\WINDOWS\SYSTEM32\wintypes.dll
0x00007ffa5e8e0000 - 0x00007ffa5e8f7000 	C:\WINDOWS\SYSTEM32\CRYPTSP.dll
0x00007ffa5e320000 - 0x00007ffa5e353000 	C:\WINDOWS\system32\rsaenh.dll
0x00007ffa5ee20000 - 0x00007ffa5ee49000 	C:\WINDOWS\SYSTEM32\USERENV.dll
0x00007ffa5e900000 - 0x00007ffa5e90b000 	C:\WINDOWS\SYSTEM32\CRYPTBASE.dll
0x00007ffa5b6d0000 - 0x00007ffa5b6e6000 	C:\WINDOWS\system32\napinsp.dll
0x00007ffa58e20000 - 0x00007ffa58e3a000 	C:\WINDOWS\system32\pnrpnsp.dll
0x00007ffa5ad70000 - 0x00007ffa5ad88000 	C:\WINDOWS\system32\NLAapi.dll
0x00007ffa5e4f0000 - 0x00007ffa5e5a6000 	C:\WINDOWS\SYSTEM32\DNSAPI.dll
0x00007ffa60070000 - 0x00007ffa60078000 	C:\WINDOWS\System32\NSI.dll
0x00007ffa5b6c0000 - 0x00007ffa5b6ce000 	C:\WINDOWS\System32\winrnr.dll
0x00007ffa40410000 - 0x00007ffa40425000 	C:\WINDOWS\System32\wshbth.dll
0x00007ffa58320000 - 0x00007ffa5832a000 	C:\Windows\System32\rasadhlp.dll
0x00007ffa58250000 - 0x00007ffa582c0000 	C:\WINDOWS\System32\fwpuclnt.dll
0x00000000637c0000 - 0x00000000637cd000 	C:\Users\mello\AppData\Local\Temp\jogamp_0000\file_cache\jln1267867779842372140\jln7371618132974359583\gluegen-rt.dll
0x000000006d400000 - 0x000000006d407000 	C:\Program Files\Java\jre6\bin\jawt.dll
0x000000006a440000 - 0x000000006a44d000 	C:\Users\mello\AppData\Local\Temp\jogamp_0000\file_cache\jln1267867779842372140\jln7371618132974359583\nativewindow_awt.dll
0x000000006c100000 - 0x000000006c10f000 	C:\Users\mello\AppData\Local\Temp\jogamp_0000\file_cache\jln1267867779842372140\jln7371618132974359583\nativewindow_win32.dll
0x00007ffa3cf90000 - 0x00007ffa3d0ae000 	C:\WINDOWS\SYSTEM32\OpenGL32.dll
0x00007ffa3e800000 - 0x00007ffa3e82c000 	C:\WINDOWS\SYSTEM32\GLU32.dll
0x0000000064500000 - 0x00000000645a0000 	C:\Users\mello\AppData\Local\Temp\jogamp_0000\file_cache\jln1267867779842372140\jln7371618132974359583\jogl_desktop.dll
0x00007ffa295f0000 - 0x00007ffa2a34b000 	C:\WINDOWS\System32\DriverStore\FileRepository\ki120616.inf_amd64_1695588d82f24e62\ig9icd64.dll
0x00007ffa5b650000 - 0x00007ffa5b663000 	C:\WINDOWS\SYSTEM32\WTSAPI32.dll
0x00007ffa4a530000 - 0x00007ffa4b68f000 	C:\WINDOWS\System32\DriverStore\FileRepository\ki120616.inf_amd64_1695588d82f24e62\igc64.dll
0x00007ffa60410000 - 0x00007ffa60418000 	C:\WINDOWS\System32\PSAPI.DLL

VM Arguments:
jvm_args: -Djava.library.path=C:\Users\mello\eclipse-workspace\unfolding_app_template\lib -Djava.security.policy=java.policy.applet -Dfile.encoding=Cp1252 
java_command: sun.applet.AppletViewer principal.SimplePositionConversionMapApp1523469779172.html
Launcher Type: SUN_STANDARD

Environment Variables:
PATH=C:\ProgramData\Oracle\Java\javapath;C:\WINDOWS\system32;C:\WINDOWS;C:\WINDOWS\System32\Wbem;C:\WINDOWS\System32\WindowsPowerShell\v1.0\;C:\Program Files\PuTTY\;C:\Users\mello\AppData\Local\Microsoft\WindowsApps;
USERNAME=mello
OS=Windows_NT
PROCESSOR_IDENTIFIER=Intel64 Family 6 Model 142 Stepping 9, GenuineIntel



---------------  S Y S T E M  ---------------

OS: Windows 8 , 64 bit Build 9200 

CPU:total 4 (2 cores per cpu, 2 threads per core) family 6 model 142 stepping 9, cmov, cx8, fxsr, mmx, sse, sse2, sse3, ssse3, sse4.1, sse4.2, popcnt, ht

Memory: 4k page, physical 4066020k(1593192k free), swap 5485156k(1747608k free)

vm_info: Java HotSpot(TM) 64-Bit Server VM (20.45-b01) for windows-amd64 JRE (1.6.0_45-b06), built on Apr  1 2013 12:31:37 by "java_re" with MS VC++ 8.0 (VS2005)

time: Wed Apr 11 15:03:02 2018
elapsed time: 3 seconds

